<?xml version="1.0" encoding="UTF-8"?>
<!-- Generated by org.testng.reporters.JUnitXMLReporter -->
<testsuite hostname="NDI-LAP-715" ignored="0" name="Campaign Budget Setup Test" tests="2" failures="1" timestamp="21 Jul 2017 07:44:20 GMT" time="75.999" errors="0">
  <testcase name="@AfterMethod afterMethod" time="0.001" classname="com.v5.identhq.setup.BaseSetup">
    <failure type="java.lang.NullPointerException">
      <![CDATA[java.lang.NullPointerException
	at com.v5.identhq.setup.BaseSetup.afterMethod(BaseSetup.java:108)
	at java.util.concurrent.FutureTask.run(FutureTask.java:266)
	at java.util.concurrent.ThreadPoolExecutor.runWorker(ThreadPoolExecutor.java:1142)
	at java.util.concurrent.ThreadPoolExecutor$Worker.run(ThreadPoolExecutor.java:617)
	at java.lang.Thread.run(Thread.java:748)
... Removed 18 stack frames]]>
    </failure>
  </testcase> <!-- @AfterMethod afterMethod -->
  <testcase name="@AfterTest afterTest" time="0.0" classname="com.v5.identhq.setup.BaseSetup">
    <skipped/>
  </testcase> <!-- @AfterTest afterTest -->
  <testcase name="campaigBudgetSetupTest" time="10.387" classname="com.v5.identhq.testcases.CampaignBudgetSetupTest">
    <failure type="org.openqa.selenium.WebDriverException" message="Element is not clickable at point (1153.0999755859375, 246.8000030517578). Other element would receive the click: &amp;lt;div class=&amp;quot;loader-halt&amp;quot; _ngcontent-c2=&amp;quot;&amp;quot;&amp;gt;&amp;lt;/div&amp;gt;
Command duration or timeout: 94 milliseconds
Build info: version: &amp;apos;2.53.1&amp;apos;, revision: &amp;apos;a36b8b1cd5757287168e54b817830adce9b0158d&amp;apos;, time: &amp;apos;2016-06-30 19:26:09&amp;apos;
System info: host: &amp;apos;NDI-LAP-715&amp;apos;, ip: &amp;apos;192.168.1.101&amp;apos;, os.name: &amp;apos;Windows 10&amp;apos;, os.arch: &amp;apos;amd64&amp;apos;, os.version: &amp;apos;10.0&amp;apos;, java.version: &amp;apos;1.8.0_131&amp;apos;
Driver info: org.openqa.selenium.firefox.FirefoxDriver
Capabilities [{applicationCacheEnabled=true, rotatable=false, handlesAlerts=true, databaseEnabled=true, version=47.0.1, platform=WINDOWS, nativeEvents=false, acceptSslCerts=true, webStorageEnabled=true, locationContextEnabled=true, browserName=firefox, takesScreenshot=true, javascriptEnabled=true, cssSelectorsEnabled=true}]
Session ID: 5dc17edf-da5d-471e-9241-4a9b9de228c7">
      <![CDATA[org.openqa.selenium.WebDriverException: Element is not clickable at point (1153.0999755859375, 246.8000030517578). Other element would receive the click: <div class="loader-halt" _ngcontent-c2=""></div>
Command duration or timeout: 94 milliseconds
Build info: version: '2.53.1', revision: 'a36b8b1cd5757287168e54b817830adce9b0158d', time: '2016-06-30 19:26:09'
System info: host: 'NDI-LAP-715', ip: '192.168.1.101', os.name: 'Windows 10', os.arch: 'amd64', os.version: '10.0', java.version: '1.8.0_131'
Driver info: org.openqa.selenium.firefox.FirefoxDriver
Capabilities [{applicationCacheEnabled=true, rotatable=false, handlesAlerts=true, databaseEnabled=true, version=47.0.1, platform=WINDOWS, nativeEvents=false, acceptSslCerts=true, webStorageEnabled=true, locationContextEnabled=true, browserName=firefox, takesScreenshot=true, javascriptEnabled=true, cssSelectorsEnabled=true}]
Session ID: 5dc17edf-da5d-471e-9241-4a9b9de228c7
	at org.openqa.selenium.remote.ErrorHandler.createThrowable(ErrorHandler.java:206)
	at org.openqa.selenium.remote.ErrorHandler.throwIfResponseFailed(ErrorHandler.java:158)
	at org.openqa.selenium.remote.RemoteWebDriver.execute(RemoteWebDriver.java:678)
	at org.openqa.selenium.remote.RemoteWebElement.execute(RemoteWebElement.java:327)
	at org.openqa.selenium.remote.RemoteWebElement.click(RemoteWebElement.java:85)
	at org.openqa.selenium.support.pagefactory.internal.LocatingElementHandler.invoke(LocatingElementHandler.java:51)
	at com.sun.proxy.$Proxy14.click(Unknown Source)
	at com.v5.identhq.pages.BasePage.click(BasePage.java:61)
	at com.v5.identhq.pages.CampaignInfoPage.selectCampaignObjective(CampaignInfoPage.java:94)
	at com.v5.identhq.pages.CampaignInfoPage.fillCampaignInfo(CampaignInfoPage.java:74)
	at com.v5.identhq.testcases.CampaignBudgetSetupTest.campaigBudgetSetupTest(CampaignBudgetSetupTest.java:27)
	at java.util.concurrent.FutureTask.run(FutureTask.java:266)
	at java.util.concurrent.ThreadPoolExecutor.runWorker(ThreadPoolExecutor.java:1142)
	at java.util.concurrent.ThreadPoolExecutor$Worker.run(ThreadPoolExecutor.java:617)
	at java.lang.Thread.run(Thread.java:748)
... Removed 24 stack frames]]>
    </failure>
  </testcase> <!-- campaigBudgetSetupTest -->
  <testcase name="tc_03" time="0.002" classname="com.v5.identhq.testcases.CampaignBudgetSetupTest"/>
</testsuite> <!-- Campaign Budget Setup Test -->
